\BOOKMARK [0][-]{chapter.1}{\376\377\000I\000n\000t\000r\000o\000d\000u\000c\000t\000i\000o\000n}{}% 1
\BOOKMARK [0][-]{chapter.2}{\376\377\000M\000u\000s\000i\000c\000\040\000C\000o\000n\000s\000u\000m\000p\000t\000i\000o\000n\000\040\000S\000u\000r\000v\000e\000y}{}% 2
\BOOKMARK [1][-]{section.2.1}{\376\377\000M\000e\000t\000h\000o\000d\000s}{chapter.2}% 3
\BOOKMARK [1][-]{section.2.2}{\376\377\000R\000e\000s\000u\000l\000t\000s}{chapter.2}% 4
\BOOKMARK [2][-]{subsection.2.2.1}{\376\377\000E\000n\000g\000a\000g\000e\000m\000e\000n\000t}{section.2.2}% 5
\BOOKMARK [2][-]{subsection.2.2.2}{\376\377\000L\000i\000s\000t\000e\000n\000i\000n\000g\000\040\000M\000e\000t\000h\000o\000d\000s}{section.2.2}% 6
\BOOKMARK [2][-]{subsection.2.2.3}{\376\377\000S\000o\000c\000i\000a\000l\000\040\000I\000n\000t\000e\000r\000a\000c\000t\000i\000o\000n\000s}{section.2.2}% 7
\BOOKMARK [1][-]{section.2.3}{\376\377\000S\000u\000m\000m\000a\000r\000y}{chapter.2}% 8
\BOOKMARK [0][-]{chapter.3}{\376\377\000E\000x\000i\000s\000t\000i\000n\000g\000\040\000P\000l\000a\000t\000f\000o\000r\000m\000s}{}% 9
\BOOKMARK [1][-]{section.3.1}{\376\377\000S\000t\000r\000e\000a\000m\000i\000n\000g\000\040\000S\000e\000r\000v\000i\000c\000e\000s}{chapter.3}% 10
\BOOKMARK [2][-]{subsection.3.1.1}{\376\377\000S\000p\000o\000t\000i\000f\000y}{section.3.1}% 11
\BOOKMARK [2][-]{subsection.3.1.2}{\376\377\000V\000K\000\040\000M\000u\000s\000i\000c}{section.3.1}% 12
\BOOKMARK [2][-]{subsection.3.1.3}{\376\377\000S\000o\000u\000n\000d\000C\000l\000o\000u\000d}{section.3.1}% 13
\BOOKMARK [2][-]{subsection.3.1.4}{\376\377\000B\000a\000n\000d\000c\000a\000m\000p}{section.3.1}% 14
\BOOKMARK [1][-]{section.3.2}{\376\377\000F\000o\000r\000u\000m\000s\000,\000\040\000B\000l\000o\000g\000s\000\040\000a\000n\000d\000\040\000o\000t\000h\000e\000r\000\040\000M\000u\000s\000i\000c\000\040\000M\000e\000d\000i\000a}{chapter.3}% 15
\BOOKMARK [2][-]{subsection.3.2.1}{\376\377\000R\000a\000t\000e\000\040\000Y\000o\000u\000r\000\040\000M\000u\000s\000i\000c}{section.3.2}% 16
\BOOKMARK [2][-]{subsection.3.2.2}{\376\377\0002\000s\000t\000e\000p\000.\000r\000u}{section.3.2}% 17
\BOOKMARK [2][-]{subsection.3.2.3}{\376\377\000l\000a\000s\000t\000.\000f\000m}{section.3.2}% 18
\BOOKMARK [1][-]{section.3.3}{\376\377\000O\000t\000h\000e\000r\000\040\000P\000l\000a\000t\000f\000o\000r\000m\000s}{chapter.3}% 19
\BOOKMARK [0][-]{chapter.4}{\376\377\000S\000p\000e\000c\000i\000f\000i\000c\000a\000t\000i\000o\000n}{}% 20
\BOOKMARK [1][-]{section.4.1}{\376\377\000I\000m\000p\000o\000r\000t\000a\000n\000t\000\040\000T\000e\000r\000m\000s}{chapter.4}% 21
\BOOKMARK [1][-]{section.4.2}{\376\377\000F\000u\000n\000c\000t\000i\000o\000n\000a\000l\000\040\000R\000e\000q\000u\000i\000r\000e\000m\000e\000n\000t\000s}{chapter.4}% 22
\BOOKMARK [1][-]{section.4.3}{\376\377\000N\000o\000n\000-\000f\000u\000n\000c\000t\000i\000o\000n\000a\000l\000\040\000R\000e\000q\000u\000i\000r\000e\000m\000e\000n\000t\000s}{chapter.4}% 23
\BOOKMARK [0][-]{chapter.5}{\376\377\000I\000m\000p\000l\000e\000m\000e\000n\000t\000a\000t\000i\000o\000n\000\040\000P\000l\000a\000n\000n\000i\000n\000g}{}% 24
\BOOKMARK [1][-]{section.5.1}{\376\377\000B\000a\000c\000k\000e\000n\000d}{chapter.5}% 25
\BOOKMARK [2][-]{subsection.5.1.1}{\376\377\000F\000r\000a\000m\000e\000w\000o\000r\000k\000\040\000C\000o\000m\000p\000a\000r\000i\000s\000o\000n}{section.5.1}% 26
\BOOKMARK [2][-]{subsection.5.1.2}{\376\377\000D\000a\000t\000a\000b\000a\000s\000e}{section.5.1}% 27
\BOOKMARK [1][-]{section.5.2}{\376\377\000F\000r\000o\000n\000t\000e\000n\000d}{chapter.5}% 28
\BOOKMARK [1][-]{section.5.3}{\376\377\000A\000u\000d\000i\000o\000\040\000T\000r\000a\000n\000s\000f\000e\000r}{chapter.5}% 29
\BOOKMARK [1][-]{section.5.4}{\376\377\000A\000u\000t\000h\000e\000n\000t\000i\000c\000a\000t\000i\000o\000n}{chapter.5}% 30
\BOOKMARK [1][-]{section.5.5}{\376\377\000S\000e\000r\000v\000e\000r\000-\000C\000l\000i\000e\000n\000t\000\040\000C\000o\000m\000m\000u\000n\000i\000c\000a\000t\000i\000o\000n}{chapter.5}% 31
\BOOKMARK [1][-]{section.5.6}{\376\377\000S\000u\000m\000m\000a\000r\000y}{chapter.5}% 32
\BOOKMARK [0][-]{chapter.6}{\376\377\000I\000m\000p\000l\000e\000m\000e\000n\000t\000a\000t\000i\000o\000n}{}% 33
\BOOKMARK [1][-]{section.6.1}{\376\377\000A\000u\000d\000i\000o\000\040\000P\000r\000o\000c\000e\000s\000s\000i\000n\000g\000,\000\040\000R\000e\000p\000r\000e\000s\000e\000n\000t\000a\000t\000i\000o\000n\000\040\000a\000n\000d\000\040\000T\000r\000a\000n\000s\000f\000e\000r}{chapter.6}% 34
\BOOKMARK [2][-]{subsection.6.1.1}{\376\377\000S\000t\000r\000e\000a\000m\000i\000n\000g\000\040\000P\000r\000o\000t\000o\000c\000o\000l\000s}{section.6.1}% 35
\BOOKMARK [2][-]{subsection.6.1.2}{\376\377\000R\000e\000p\000r\000e\000s\000e\000n\000t\000a\000t\000i\000o\000n}{section.6.1}% 36
\BOOKMARK [2][-]{subsection.6.1.3}{\376\377\000P\000r\000o\000c\000e\000s\000s\000i\000n\000g}{section.6.1}% 37
\BOOKMARK [1][-]{section.6.2}{\376\377\000B\000a\000c\000k\000e\000n\000d}{chapter.6}% 38
\BOOKMARK [2][-]{subsection.6.2.1}{\376\377\000b\000a\000s\000e}{section.6.2}% 39
\BOOKMARK [2][-]{subsection.6.2.2}{\376\377\000a\000p\000i}{section.6.2}% 40
\BOOKMARK [2][-]{subsection.6.2.3}{\376\377\000u\000s\000e\000r\000s}{section.6.2}% 41
\BOOKMARK [2][-]{subsection.6.2.4}{\376\377\000s\000s\000e}{section.6.2}% 42
\BOOKMARK [2][-]{subsection.6.2.5}{\376\377\000s\000t\000r\000e\000a\000m\000i\000n\000g}{section.6.2}% 43
\BOOKMARK [2][-]{subsection.6.2.6}{\376\377\000s\000o\000c\000i\000a\000l}{section.6.2}% 44
\BOOKMARK [2][-]{subsection.6.2.7}{\376\377\000n\000o\000t\000i\000f\000i\000c\000a\000t\000i\000o\000n\000s}{section.6.2}% 45
\BOOKMARK [2][-]{subsection.6.2.8}{\376\377\000r\000e\000c\000o\000m\000m\000e\000n\000d\000a\000t\000i\000o\000n\000s}{section.6.2}% 46
\BOOKMARK [1][-]{section.6.3}{\376\377\000F\000r\000o\000n\000t\000e\000n\000d}{chapter.6}% 47
\BOOKMARK [2][-]{subsection.6.3.1}{\376\377\000A\000u\000t\000h\000e\000n\000t\000i\000c\000a\000t\000i\000o\000n}{section.6.3}% 48
\BOOKMARK [2][-]{subsection.6.3.2}{\376\377\000D\000a\000t\000a\000\040\000M\000a\000n\000a\000g\000e\000m\000e\000n\000t}{section.6.3}% 49
\BOOKMARK [2][-]{subsection.6.3.3}{\376\377\000S\000S\000E}{section.6.3}% 50
\BOOKMARK [2][-]{subsection.6.3.4}{\376\377\000P\000l\000a\000y\000b\000a\000c\000k\000\040\000a\000n\000d\000\040\000P\000l\000a\000y\000e\000r}{section.6.3}% 51
\BOOKMARK [2][-]{subsection.6.3.5}{\376\377\000D\000e\000v\000i\000c\000e\000\040\000H\000a\000n\000d\000l\000i\000n\000g}{section.6.3}% 52
\BOOKMARK [2][-]{subsection.6.3.6}{\376\377\000C\000o\000m\000p\000o\000n\000e\000n\000t\000s}{section.6.3}% 53
\BOOKMARK [1][-]{section.6.4}{\376\377\000D\000e\000p\000l\000o\000y\000m\000e\000n\000t}{chapter.6}% 54
\BOOKMARK [0][-]{chapter.7}{\376\377\000S\000u\000m\000m\000a\000r\000y\000\040\000a\000n\000d\000\040\000C\000o\000n\000c\000l\000u\000s\000i\000o\000n}{}% 55
\BOOKMARK [0][-]{chapter*.9}{\376\377\000S\000o\000u\000r\000c\000e\000s}{}% 56
